<?xml version="1.0" encoding="UTF-8"?>
<!-- Generated by org.testng.reporters.JUnitReportReporter -->
<testsuite hostname="NANOMARK85" failures="0" tests="2" name="tests.RegistrationTest" time="1.900" errors="0" timestamp="2026-01-31T02:05:53 IST" skipped="0">
  <testcase classname="tests.RegistrationTest" name="negativeScenario_MissingLastName" time="0.997"/>
  <testcase classname="tests.RegistrationTest" name="positiveScenario_ValidRegistration" time="0.903"/>
</testsuite> <!-- tests.RegistrationTest -->
