<?xml version="1.0" encoding="UTF-8"?>
<testng-results ignored="0" total="2" passed="2" failed="0" skipped="0">
  <reporter-output>
  </reporter-output>
  <suite started-at="2026-01-31T02:05:49 IST" name="Default suite" finished-at="2026-01-31T02:05:53 IST" duration-ms="4215">
    <groups>
    </groups>
    <test started-at="2026-01-31T02:05:49 IST" name="Default test" finished-at="2026-01-31T02:05:53 IST" duration-ms="4215">
      <class name="tests.RegistrationTest">
        <test-method is-config="true" signature="setup()[pri:0, instance:tests.RegistrationTest@4b29d1d2]" started-at="2026-01-31T02:05:49 IST" name="setup" finished-at="2026-01-31T02:05:51 IST" duration-ms="2001" status="PASS">
          <reporter-output>
          </reporter-output>
        </test-method> <!-- setup -->
        <test-method signature="negativeScenario_MissingLastName()[pri:1, instance:tests.RegistrationTest@4b29d1d2]" started-at="2026-01-31T02:05:51 IST" name="negativeScenario_MissingLastName" finished-at="2026-01-31T02:05:52 IST" duration-ms="997" status="PASS">
          <reporter-output>
          </reporter-output>
        </test-method> <!-- negativeScenario_MissingLastName -->
        <test-method signature="positiveScenario_ValidRegistration()[pri:2, instance:tests.RegistrationTest@4b29d1d2]" started-at="2026-01-31T02:05:52 IST" name="positiveScenario_ValidRegistration" finished-at="2026-01-31T02:05:53 IST" duration-ms="903" status="PASS">
          <reporter-output>
          </reporter-output>
        </test-method> <!-- positiveScenario_ValidRegistration -->
        <test-method is-config="true" signature="tearDown()[pri:0, instance:tests.RegistrationTest@4b29d1d2]" started-at="2026-01-31T02:05:53 IST" name="tearDown" finished-at="2026-01-31T02:05:53 IST" duration-ms="268" status="PASS">
          <reporter-output>
          </reporter-output>
        </test-method> <!-- tearDown -->
      </class> <!-- tests.RegistrationTest -->
    </test> <!-- Default test -->
  </suite> <!-- Default suite -->
</testng-results>
